TN:
SF:F:\Workshop\UnitTest\Transfer\index.js
FN:1,transfer
FN:20,isValidNumber
FN:27,isSameBank
FNF:3
FNH:3
FNDA:20,transfer
FNDA:17,isValidNumber
FNDA:16,isSameBank
DA:2,20
DA:3,4
DA:5,16
DA:6,3
DA:8,13
DA:9,4
DA:11,9
DA:12,3
DA:14,6
DA:15,3
DA:17,3
DA:21,17
DA:22,16
DA:24,1
DA:28,16
DA:29,3
DA:33,1
LF:17
LH:17
BRDA:2,0,0,4
BRDA:2,0,1,16
BRDA:2,1,0,20
BRDA:2,1,1,18
BRDA:2,1,2,17
BRDA:5,2,0,3
BRDA:5,2,1,13
BRDA:8,3,0,4
BRDA:8,3,1,9
BRDA:11,4,0,3
BRDA:11,4,1,6
BRDA:11,5,0,9
BRDA:11,5,1,9
BRDA:14,6,0,3
BRDA:14,6,1,3
BRDA:14,7,0,6
BRDA:14,7,1,6
BRDA:21,8,0,16
BRDA:21,8,1,1
BRDA:28,9,0,3
BRDA:28,9,1,13
BRF:21
BRH:21
end_of_record
